<?xml version="1.0" encoding="UTF-8"?>
<!-- Generated by org.testng.reporters.JUnitReportReporter -->
<testsuite hostname="BT-INDIA-COM9" name="org.imagenecsi.testCases.VerifyLogin" tests="1" failures="0" timestamp="29 May 2019 10:03:50 GMT" time="7.978" errors="0">
  <testcase name="login" time="7.978" classname="org.imagenecsi.testCases.VerifyLogin"/>
</testsuite> <!-- org.imagenecsi.testCases.VerifyLogin -->
