<?xml version="1.0" encoding="UTF-8"?>
<!-- Generated by org.testng.reporters.JUnitReportReporter -->
<testsuite hostname="BT-INDIA-COM9" name="org.imagenecsi.testCases.Happyflow" tests="1" failures="0" timestamp="29 May 2019 11:20:39 GMT" time="8.687" errors="0">
  <testcase name="login" time="8.687" classname="org.imagenecsi.testCases.Happyflow"/>
</testsuite> <!-- org.imagenecsi.testCases.Happyflow -->
