<?xml version="1.0" encoding="UTF-8"?>
<!-- Generated by org.testng.reporters.JUnitReportReporter -->
<testsuite skipped="0" hostname="BT-INDIA-COM9" name="project.sikuli" tests="1" failures="0" timestamp="02 Apr 2019 12:57:54 GMT" time="10.883" errors="0">
  <testcase name="sit" time="10.883" classname="project.sikuli"/>
</testsuite> <!-- project.sikuli -->
