<?xml version="1.0" encoding="UTF-8"?>
<!-- Generated by org.testng.reporters.JUnitReportReporter -->
<testsuite skipped="0" hostname="BT-INDIA-COM9" name="seplePratice.GoogleTest" tests="1" failures="0" timestamp="04 Apr 2019 11:32:17 GMT" time="21.718" errors="0">
  <testcase name="Googletitle" time="21.718" classname="seplePratice.GoogleTest"/>
</testsuite> <!-- seplePratice.GoogleTest -->
