<?xml version="1.0" encoding="UTF-8"?>
<!-- Generated by org.testng.reporters.JUnitReportReporter -->
<testsuite skipped="0" hostname="BT-INDIA-COM9" name="seplePratice.randomname" tests="50" failures="0" timestamp="10 May 2019 12:36:15 GMT" time="1.235" errors="0">
  <testcase name="randomname123" time="0.020" classname="seplePratice.randomname"/>
  <testcase name="randomname123" time="0.023" classname="seplePratice.randomname"/>
  <testcase name="randomname123" time="0.022" classname="seplePratice.randomname"/>
  <testcase name="randomname123" time="0.022" classname="seplePratice.randomname"/>
  <testcase name="randomname123" time="0.021" classname="seplePratice.randomname"/>
  <testcase name="randomname123" time="0.024" classname="seplePratice.randomname"/>
  <testcase name="randomname123" time="0.030" classname="seplePratice.randomname"/>
  <testcase name="randomname123" time="0.025" classname="seplePratice.randomname"/>
  <testcase name="randomname123" time="0.029" classname="seplePratice.randomname"/>
  <testcase name="randomname123" time="0.024" classname="seplePratice.randomname"/>
  <testcase name="randomname123" time="0.024" classname="seplePratice.randomname"/>
  <testcase name="randomname123" time="0.024" classname="seplePratice.randomname"/>
  <testcase name="randomname123" time="0.021" classname="seplePratice.randomname"/>
  <testcase name="randomname123" time="0.027" classname="seplePratice.randomname"/>
  <testcase name="randomname123" time="0.023" classname="seplePratice.randomname"/>
  <testcase name="randomname123" time="0.021" classname="seplePratice.randomname"/>
  <testcase name="randomname123" time="0.026" classname="seplePratice.randomname"/>
  <testcase name="randomname123" time="0.022" classname="seplePratice.randomname"/>
  <testcase name="randomname123" time="0.021" classname="seplePratice.randomname"/>
  <testcase name="randomname123" time="0.023" classname="seplePratice.randomname"/>
  <testcase name="randomname123" time="0.021" classname="seplePratice.randomname"/>
  <testcase name="randomname123" time="0.024" classname="seplePratice.randomname"/>
  <testcase name="randomname123" time="0.021" classname="seplePratice.randomname"/>
  <testcase name="randomname123" time="0.021" classname="seplePratice.randomname"/>
  <testcase name="randomname123" time="0.024" classname="seplePratice.randomname"/>
  <testcase name="randomname123" time="0.023" classname="seplePratice.randomname"/>
  <testcase name="randomname123" time="0.022" classname="seplePratice.randomname"/>
  <testcase name="randomname123" time="0.024" classname="seplePratice.randomname"/>
  <testcase name="randomname123" time="0.021" classname="seplePratice.randomname"/>
  <testcase name="randomname123" time="0.026" classname="seplePratice.randomname"/>
  <testcase name="randomname123" time="0.026" classname="seplePratice.randomname"/>
  <testcase name="randomname123" time="0.020" classname="seplePratice.randomname"/>
  <testcase name="randomname123" time="0.021" classname="seplePratice.randomname"/>
  <testcase name="randomname123" time="0.021" classname="seplePratice.randomname"/>
  <testcase name="randomname123" time="0.093" classname="seplePratice.randomname"/>
  <testcase name="randomname123" time="0.021" classname="seplePratice.randomname"/>
  <testcase name="randomname123" time="0.023" classname="seplePratice.randomname"/>
  <testcase name="randomname123" time="0.024" classname="seplePratice.randomname"/>
  <testcase name="randomname123" time="0.024" classname="seplePratice.randomname"/>
  <testcase name="randomname123" time="0.023" classname="seplePratice.randomname"/>
  <testcase name="randomname123" time="0.024" classname="seplePratice.randomname"/>
  <testcase name="randomname123" time="0.027" classname="seplePratice.randomname"/>
  <testcase name="randomname123" time="0.025" classname="seplePratice.randomname"/>
  <testcase name="randomname123" time="0.025" classname="seplePratice.randomname"/>
  <testcase name="randomname123" time="0.022" classname="seplePratice.randomname"/>
  <testcase name="randomname123" time="0.024" classname="seplePratice.randomname"/>
  <testcase name="randomname123" time="0.022" classname="seplePratice.randomname"/>
  <testcase name="randomname123" time="0.027" classname="seplePratice.randomname"/>
  <testcase name="randomname123" time="0.022" classname="seplePratice.randomname"/>
  <testcase name="randomname123" time="0.022" classname="seplePratice.randomname"/>
</testsuite> <!-- seplePratice.randomname -->
