<?xml version="1.0" encoding="UTF-8"?>
<!-- Generated by org.testng.reporters.JUnitReportReporter -->
<testsuite skipped="0" hostname="BT-INDIA-COM9" name="seplePratice.FileDownloadVerify" tests="1" failures="0" timestamp="13 May 2019 06:13:03 GMT" time="21.978" errors="0">
  <testcase name="example_VerifyExpectedFileName" time="21.978" classname="seplePratice.FileDownloadVerify"/>
</testsuite> <!-- seplePratice.FileDownloadVerify -->
