<?xml version="1.0" encoding="UTF-8"?>
<!-- Generated by org.testng.reporters.JUnitReportReporter -->
<testsuite skipped="1" hostname="BT-INDIA-COM9" name="project.jsonDataProvider" tests="1" failures="0" timestamp="03 Apr 2019 07:30:47 GMT" time="0.000" errors="0">
  <testcase name="loginTest" time="0.000" classname="project.jsonDataProvider">
    <skipped/>
  </testcase> <!-- loginTest -->
</testsuite> <!-- project.jsonDataProvider -->
