<?xml version="1.0" encoding="UTF-8"?>
<!-- Generated by org.testng.reporters.JUnitReportReporter -->
<testsuite skipped="1" hostname="BT-INDIA-COM9" name="seplePratice.AutoSuggest" tests="2" failures="0" timestamp="03 Apr 2019 13:03:23 GMT" time="27.287" errors="0">
  <testcase name="printallvalues" time="27.287" classname="seplePratice.AutoSuggest"/>
  <testcase name="selectValues" classname="seplePratice.AutoSuggest">
    <skipped/>
  </testcase> <!-- selectValues -->
</testsuite> <!-- seplePratice.AutoSuggest -->
