<?xml version="1.0" encoding="UTF-8"?>
<!-- Generated by org.testng.reporters.JUnitReportReporter -->
<testsuite skipped="0" hostname="BT-INDIA-COM9" name="seplePratice.ReadfromJson" tests="1" failures="0" timestamp="20 Jun 2019 07:19:27 GMT" time="0.047" errors="0">
  <testcase name="login" time="0.047" classname="seplePratice.ReadfromJson"/>
</testsuite> <!-- seplePratice.ReadfromJson -->
