<?xml version="1.0" encoding="UTF-8"?>
<!-- Generated by org.testng.reporters.JUnitReportReporter -->
<testsuite skipped="0" hostname="BT-INDIA-COM9" name="Programs.lambda" tests="1" failures="0" timestamp="25 Jul 2019 11:40:59 GMT" time="0.074" errors="0">
  <testcase name="testing" time="0.074" classname="Programs.lambda"/>
</testsuite> <!-- Programs.lambda -->
