<?xml version="1.0" encoding="UTF-8"?>
<!-- Generated by org.testng.reporters.JUnitReportReporter -->
<testsuite skipped="0" hostname="BT-INDIA-COM9" name="seplePratice.AutoSuggest" tests="1" failures="0" timestamp="03 Apr 2019 11:30:21 GMT" time="30.389" errors="0">
  <testcase name="selectValues" time="30.389" classname="seplePratice.AutoSuggest"/>
</testsuite> <!-- seplePratice.AutoSuggest -->
