<?xml version="1.0" encoding="UTF-8"?>
<!-- Generated by org.testng.reporters.JUnitReportReporter -->
<testsuite skipped="0" hostname="BT-INDIA-COM9" name="seplePratice.dataprovideer" tests="3" failures="0" timestamp="26 Jul 2019 05:47:54 GMT" time="0.119" errors="0">
  <testcase name="testCaseData" time="0.115" classname="seplePratice.dataprovideer"/>
  <testcase name="testCaseData" time="0.002" classname="seplePratice.dataprovideer"/>
  <testcase name="testCaseData" time="0.002" classname="seplePratice.dataprovideer"/>
</testsuite> <!-- seplePratice.dataprovideer -->
