<?xml version="1.0" encoding="UTF-8"?>
<!-- Generated by org.testng.reporters.JUnitReportReporter -->
<testsuite skipped="0" hostname="BT-INDIA-COM9" name="TestCases.Testing" tests="1" failures="0" timestamp="08 Jul 2019 06:11:44 GMT" time="17.375" errors="0">
  <testcase name="Login" time="17.375" classname="TestCases.Testing"/>
</testsuite> <!-- TestCases.Testing -->
