<?xml version="1.0" encoding="UTF-8"?>
<!-- Generated by org.testng.reporters.JUnitReportReporter -->
<testsuite skipped="0" hostname="BT-INDIA-COM9" name="seplePratice.VerifyLinks" tests="1" failures="0" timestamp="03 Apr 2019 11:15:02 GMT" time="13.777" errors="0">
  <testcase name="testlinks" time="13.777" classname="seplePratice.VerifyLinks"/>
</testsuite> <!-- seplePratice.VerifyLinks -->
