<?xml version="1.0" encoding="UTF-8"?>
<!-- Generated by org.testng.reporters.JUnitReportReporter -->
<testsuite skipped="0" hostname="BT-INDIA-COM9" name="seplePratice.Loggerlog" tests="1" failures="0" timestamp="15 Apr 2019 07:28:57 GMT" time="5.660" errors="0">
  <testcase name="loggerlog" time="5.660" classname="seplePratice.Loggerlog"/>
</testsuite> <!-- seplePratice.Loggerlog -->
