<?xml version="1.0" encoding="UTF-8"?>
<!-- Generated by org.testng.reporters.JUnitReportReporter -->
<testsuite skipped="0" hostname="BT-INDIA-COM9" name="project.VerifyLinks" tests="1" failures="0" timestamp="03 Apr 2019 10:12:18 GMT" time="33.289" errors="0">
  <testcase name="testlinks" time="33.289" classname="project.VerifyLinks"/>
</testsuite> <!-- project.VerifyLinks -->
