<?xml version="1.0" encoding="UTF-8"?>
<!-- Generated by org.testng.reporters.JUnitReportReporter -->
<testsuite skipped="0" hostname="BT-INDIA-COM9" name="seplePratice.readingDatafromExcel" tests="1" failures="0" timestamp="09 Apr 2019 07:10:09 GMT" time="21.779" errors="0">
  <testcase name="loginTest" time="21.779" classname="seplePratice.readingDatafromExcel"/>
</testsuite> <!-- seplePratice.readingDatafromExcel -->
