<?xml version="1.0" encoding="UTF-8"?>
<!-- Generated by org.testng.reporters.JUnitReportReporter -->
<testsuite skipped="0" hostname="BT-INDIA-COM9" name="seplePratice.Auto" tests="1" failures="0" timestamp="03 Apr 2019 12:10:06 GMT" time="9.282" errors="0">
  <testcase name="testsdf" time="9.282" classname="seplePratice.Auto"/>
</testsuite> <!-- seplePratice.Auto -->
